<?xml version="1.0" encoding="UTF-8"?>
<!-- Generated by org.testng.reporters.JUnitReportReporter -->
<testsuite hostname="HSPDXB056.local" failures="0" tests="1" name="com.stctv.api.RestAssuredTest" time="24.934" errors="0" timestamp="2024-09-14T18:15:26 GST" skipped="0">
  <testcase classname="com.stctv.api.RestAssuredTest" name="validateAddNewDevice" time="24.934"/>
  <system-out/>
</testsuite> <!-- com.stctv.api.RestAssuredTest -->
